-------------------------------------------------------------------------------
Test set: programmingtheiot.part01.unit.system.SystemMemUtilTaskTest
-------------------------------------------------------------------------------
Tests run: 2, Failures: 1, Errors: 0, Skipped: 0, Time elapsed: 0.098 s <<< FAILURE! - in programmingtheiot.part01.unit.system.SystemMemUtilTaskTest
programmingtheiot.part01.unit.system.SystemMemUtilTaskTest.testGenerateTelemetry  Time elapsed: 0.002 s  <<< FAILURE!
java.lang.AssertionError
	at programmingtheiot.part01.unit.system.SystemMemUtilTaskTest.testGenerateTelemetry(SystemMemUtilTaskTest.java:88)

