-------------------------------------------------------------------------------
Test set: programmingtheiot.part01.unit.system.SystemCpuUtilTaskTest
-------------------------------------------------------------------------------
Tests run: 2, Failures: 1, Errors: 0, Skipped: 0, Time elapsed: 0.003 s <<< FAILURE! - in programmingtheiot.part01.unit.system.SystemCpuUtilTaskTest
programmingtheiot.part01.unit.system.SystemCpuUtilTaskTest.testGenerateTelemetry  Time elapsed: 0 s  <<< FAILURE!
java.lang.AssertionError
	at programmingtheiot.part01.unit.system.SystemCpuUtilTaskTest.testGenerateTelemetry(SystemCpuUtilTaskTest.java:88)

